Fila 33749: ID de PMO es requerido
Fila 33750: ID de PMO es requerido
Fila 33751: ID de PMO es requerido
Fila 33752: ID de PMO es requerido
Fila 33753: ID de PMO es requerido
Fila 33754: ID de PMO es requerido
Fila 33755: ID de PMO es requerido
Fila 33756: ID de PMO es requerido
Fila 33757: ID de PMO es requerido
Fila 33758: ID de PMO es requerido
Fila 33759: ID de PMO es requerido
Fila 33760: ID de PMO es requerido
Fila 33761: ID de PMO es requerido
Fila 33762: ID de PMO es requerido
Fila 33763: ID de PMO es requerido
Fila 33764: ID de PMO es requerido
Fila 33765: ID de PMO es requerido
Fila 33766: ID de PMO es requerido
Fila 33767: ID de PMO es requerido
Fila 33768: ID de PMO es requerido
Fila 33769: ID de PMO es requerido
Fila 33770: ID de PMO es requerido
Fila 33771: ID de PMO es requerido
Fila 33772: ID de PMO es requerido
Fila 33773: ID de PMO es requerido
Fila 33774: ID de PMO es requerido
Fila 33775: ID de PMO es requerido
Fila 33776: ID de PMO es requerido
Fila 33777: ID de PMO es requerido
Fila 33778: ID de PMO es requerido
Fila 33779: ID de PMO es requerido
Fila 33780: ID de PMO es requerido
Fila 33781: ID de PMO es requerido
Fila 33782: ID de PMO es requerido
Fila 33783: ID de PMO es requerido
Fila 33784: ID de PMO es requerido
Fila 33785: ID de PMO es requerido
Fila 33786: ID de PMO es requerido
Fila 33787: ID de PMO es requerido
Fila 33788: ID de PMO es requerido
Fila 33789: ID de PMO es requerido
Fila 33790: ID de PMO es requerido
Fila 33791: ID de PMO es requerido
Fila 33792: ID de PMO es requerido
Fila 33793: ID de PMO es requerido
Fila 33794: ID de PMO es requerido
Fila 33795: ID de PMO es requerido
Fila 33796: ID de PMO es requerido
Fila 33797: ID de PMO es requerido
Fila 33798: ID de PMO es requerido
Fila 33799: ID de PMO es requerido
Fila 33800: ID de PMO es requerido
Fila 33801: ID de PMO es requerido
Fila 33802: ID de PMO es requerido
Fila 33803: ID de PMO es requerido
Fila 33804: ID de PMO es requerido
Fila 33805: ID de PMO es requerido
Fila 33806: ID de PMO es requerido
Fila 33807: ID de PMO es requerido
Fila 33808: ID de PMO es requerido
Fila 33809: ID de PMO es requerido
Fila 33810: ID de PMO es requerido
Fila 33811: ID de PMO es requerido
Fila 33812: ID de PMO es requerido
Fila 33813: ID de PMO es requerido
Fila 33814: ID de PMO es requerido
Fila 33815: ID de PMO es requerido
Fila 33816: ID de PMO es requerido
Fila 33817: ID de PMO es requerido
Fila 33818: ID de PMO es requerido
Fila 33819: ID de PMO es requerido
Fila 33820: ID de PMO es requerido
Fila 33821: ID de PMO es requerido
Fila 33822: ID de PMO es requerido
Fila 33823: ID de PMO es requerido
Fila 33824: ID de PMO es requerido
Fila 33825: ID de PMO es requerido
Fila 33826: ID de PMO es requerido
Fila 33827: ID de PMO es requerido
Fila 33828: ID de PMO es requerido
Fila 33829: ID de PMO es requerido
Fila 33830: ID de PMO es requerido
Fila 33831: ID de PMO es requerido
Fila 33832: ID de PMO es requerido
Fila 33833: ID de PMO es requerido
Fila 33834: ID de PMO es requerido
Fila 33835: ID de PMO es requerido
Fila 33836: ID de PMO es requerido
Fila 33837: ID de PMO es requerido
Fila 33838: ID de PMO es requerido
Fila 33839: ID de PMO es requerido
Fila 33840: ID de PMO es requerido
Fila 33841: ID de PMO es requerido
Fila 33842: ID de PMO es requerido
Fila 33843: ID de PMO es requerido
Fila 33844: ID de PMO es requerido
Fila 33845: ID de PMO es requerido
Fila 33846: ID de PMO es requerido
Fila 33847: ID de PMO es requerido
Fila 33848: ID de PMO es requerido
Fila 33849: ID de PMO es requerido
Fila 33850: ID de PMO es requerido
Fila 33851: ID de PMO es requerido
Fila 33852: ID de PMO es requerido
Fila 33853: ID de PMO es requerido
Fila 33854: ID de PMO es requerido
Fila 33855: ID de PMO es requerido
Fila 33856: ID de PMO es requerido
Fila 33958: ID de PMO es requerido
Fila 1: Invalid field name(s) for model Articulo: 'criticidad', 'proveedor', 'ubicacion'.
Fila 2: Invalid field name(s) for model Articulo: 'criticidad', 'proveedor', 'ubicacion'.
Fila 3: Invalid field name(s) for model Articulo: 'criticidad', 'proveedor', 'ubicacion'.
Fila 4: Invalid field name(s) for model Articulo: 'criticidad', 'proveedor', 'ubicacion'.
Fila 5: Invalid field name(s) for model Articulo: 'criticidad', 'proveedor', 'ubicacion'.
Fila 6: Invalid field name(s) for model Articulo: 'criticidad', 'proveedor', 'ubicacion'.
Fila 7: Invalid field name(s) for model Articulo: 'criticidad', 'proveedor', 'ubicacion'.
Fila 8: Invalid field name(s) for model Articulo: 'criticidad', 'proveedor', 'ubicacion'.
Fila 9: Invalid field name(s) for model Articulo: 'criticidad', 'proveedor', 'ubicacion'.
Fila 10: Invalid field name(s) for model Articulo: 'criticidad', 'proveedor', 'ubicacion'.
Fila 11: Invalid field name(s) for model Articulo: 'criticidad', 'proveedor', 'ubicacion'.
Fila 12: Invalid field name(s) for model Articulo: 'criticidad', 'proveedor', 'ubicacion'.
Fila 13: Invalid field name(s) for model Articulo: 'criticidad', 'proveedor', 'ubicacion'.
Fila 14: Invalid field name(s) for model Articulo: 'criticidad', 'proveedor', 'ubicacion'.
Fila 15: Invalid field name(s) for model Articulo: 'criticidad', 'proveedor', 'ubicacion'.
Fila 16: Invalid field name(s) for model Articulo: 'criticidad', 'proveedor', 'ubicacion'.
Fila 17: Invalid field name(s) for model Articulo: 'criticidad', 'proveedor', 'ubicacion'.
Fila 18: Invalid field name(s) for model Articulo: 'criticidad', 'proveedor', 'ubicacion'.
Fila 19: Invalid field name(s) for model Articulo: 'criticidad', 'proveedor', 'ubicacion'.
Fila 20: Invalid field name(s) for model Articulo: 'criticidad', 'proveedor', 'ubicacion'.
Fila 21: Invalid field name(s) for model Articulo: 'criticidad', 'proveedor', 'ubicacion'.
Fila 22: Invalid field name(s) for model Articulo: 'criticidad', 'proveedor', 'ubicacion'.
Fila 23: Invalid field name(s) for model Articulo: 'criticidad', 'proveedor', 'ubicacion'.
Fila 24: Invalid field name(s) for model Articulo: 'criticidad', 'proveedor', 'ubicacion'.
Fila 25: Invalid field name(s) for model Articulo: 'criticidad', 'proveedor', 'ubicacion'.
Fila 26: Invalid field name(s) for model Articulo: 'criticidad', 'proveedor', 'ubicacion'.
Fila 27: Invalid field name(s) for model Articulo: 'criticidad', 'proveedor', 'ubicacion'.
Fila 28: Invalid field name(s) for model Articulo: 'criticidad', 'proveedor', 'ubicacion'.
Fila 29: Invalid field name(s) for model Articulo: 'criticidad', 'proveedor', 'ubicacion'.
Fila 30: Invalid field name(s) for model Articulo: 'criticidad', 'proveedor', 'ubicacion'.
Fila 31: Invalid field name(s) for model Articulo: 'criticidad', 'proveedor', 'ubicacion'.
Fila 32: Invalid field name(s) for model Articulo: 'criticidad', 'proveedor', 'ubicacion'.
Fila 33: Invalid field name(s) for model Articulo: 'criticidad', 'proveedor', 'ubicacion'.
Fila 34: Invalid field name(s) for model Articulo: 'criticidad', 'proveedor', 'ubicacion'.
Fila 35: Invalid field name(s) for model Articulo: 'criticidad', 'proveedor', 'ubicacion'.
Fila 36: Invalid field name(s) for model Articulo: 'criticidad', 'proveedor', 'ubicacion'.
Fila 37: Invalid field name(s) for model Articulo: 'criticidad', 'proveedor', 'ubicacion'.
Fila 38: Invalid field name(s) for model Articulo: 'criticidad', 'proveedor', 'ubicacion'.
Fila 39: Invalid field name(s) for model Articulo: 'criticidad', 'proveedor', 'ubicacion'.
Fila 40: Invalid field name(s) for model Articulo: 'criticidad', 'proveedor', 'ubicacion'.
Fila 41: Invalid field name(s) for model Articulo: 'criticidad', 'proveedor', 'ubicacion'.
Fila 42: Invalid field name(s) for model Articulo: 'criticidad', 'proveedor', 'ubicacion'.
Fila 43: Invalid field name(s) for model Articulo: 'criticidad', 'proveedor', 'ubicacion'.
Fila 44: Invalid field name(s) for model Articulo: 'criticidad', 'proveedor', 'ubicacion'.
Fila 45: Invalid field name(s) for model Articulo: 'criticidad', 'proveedor', 'ubicacion'.
Fila 46: Invalid field name(s) for model Articulo: 'criticidad', 'proveedor', 'ubicacion'.
Fila 47: Invalid field name(s) for model Articulo: 'criticidad', 'proveedor', 'ubicacion'.
Fila 48: Invalid field name(s) for model Articulo: 'criticidad', 'proveedor', 'ubicacion'.
Fila 49: Invalid field name(s) for model Articulo: 'criticidad', 'proveedor', 'ubicacion'.
Fila 50: Invalid field name(s) for model Articulo: 'criticidad', 'proveedor', 'ubicacion'.
Fila 33958: Se requiere ID de PMO o código de artículo
Fila 33958: Se requiere ID de PMO o código de artículo
Fila 33958: Se requiere ID de PMO o código de artículo
Error en métricas dashboard completas: Cannot resolve keyword 'precio_lista_usd' into field. Choices are: articulo, avp, año, cantidad_embarcada, costo_mxn_existencias, costo_salida_mxn, costo_unitario_distribucion, costo_usd_existencias, descripcion, estatus_pmo, estatus_pmo_id, estatus_pmo_texto, existencia_actual, fabrica, fabrica_id, fabrica_texto, fecha_actualizacion, fecha_creacion, fecha_implementacion, historial, id, id_pmo, nombre_proyecto, nombre_proyecto_recibo, observaciones, orden_compra, program_manager, proveedor, retrasos_salida, seguimientos, tipo
Error en métricas dashboard completas: Cannot resolve keyword 'precio_lista_usd' into field. Choices are: articulo, avp, año, cantidad_embarcada, costo_mxn_existencias, costo_salida_mxn, costo_unitario_distribucion, costo_usd_existencias, descripcion, estatus_pmo, estatus_pmo_id, estatus_pmo_texto, existencia_actual, fabrica, fabrica_id, fabrica_texto, fecha_actualizacion, fecha_creacion, fecha_implementacion, historial, id, id_pmo, nombre_proyecto, nombre_proyecto_recibo, observaciones, orden_compra, program_manager, proveedor, retrasos_salida, seguimientos, tipo
Error en métricas dashboard completas: Cannot resolve keyword 'precio_lista_usd' into field. Choices are: articulo, avp, año, cantidad_embarcada, costo_mxn_existencias, costo_salida_mxn, costo_unitario_distribucion, costo_usd_existencias, descripcion, estatus_pmo, estatus_pmo_id, estatus_pmo_texto, existencia_actual, fabrica, fabrica_id, fabrica_texto, fecha_actualizacion, fecha_creacion, fecha_implementacion, historial, id, id_pmo, nombre_proyecto, nombre_proyecto_recibo, observaciones, orden_compra, program_manager, proveedor, retrasos_salida, seguimientos, tipo
Error en métricas dashboard completas: Cannot resolve keyword 'precio_lista_usd' into field. Choices are: articulo, avp, año, cantidad_embarcada, costo_mxn_existencias, costo_salida_mxn, costo_unitario_distribucion, costo_usd_existencias, descripcion, estatus_pmo, estatus_pmo_id, estatus_pmo_texto, existencia_actual, fabrica, fabrica_id, fabrica_texto, fecha_actualizacion, fecha_creacion, fecha_implementacion, historial, id, id_pmo, nombre_proyecto, nombre_proyecto_recibo, observaciones, orden_compra, program_manager, proveedor, retrasos_salida, seguimientos, tipo
Error en métricas dashboard completas: Cannot resolve keyword 'precio_lista_usd' into field. Choices are: articulo, avp, año, cantidad_embarcada, costo_mxn_existencias, costo_salida_mxn, costo_unitario_distribucion, costo_usd_existencias, descripcion, estatus_pmo, estatus_pmo_id, estatus_pmo_texto, existencia_actual, fabrica, fabrica_id, fabrica_texto, fecha_actualizacion, fecha_creacion, fecha_implementacion, historial, id, id_pmo, nombre_proyecto, nombre_proyecto_recibo, observaciones, orden_compra, program_manager, proveedor, retrasos_salida, seguimientos, tipo
Error en métricas dashboard completas: Cannot resolve keyword 'precio_lista_usd' into field. Choices are: articulo, avp, año, cantidad_embarcada, costo_mxn_existencias, costo_salida_mxn, costo_unitario_distribucion, costo_usd_existencias, descripcion, estatus_pmo, estatus_pmo_id, estatus_pmo_texto, existencia_actual, fabrica, fabrica_id, fabrica_texto, fecha_actualizacion, fecha_creacion, fecha_implementacion, historial, id, id_pmo, nombre_proyecto, nombre_proyecto_recibo, observaciones, orden_compra, program_manager, proveedor, retrasos_salida, seguimientos, tipo
Error en métricas dashboard completas: Cannot resolve keyword 'precio_lista_usd' into field. Choices are: articulo, avp, año, cantidad_embarcada, costo_mxn_existencias, costo_salida_mxn, costo_unitario_distribucion, costo_usd_existencias, descripcion, estatus_pmo, estatus_pmo_id, estatus_pmo_texto, existencia_actual, fabrica, fabrica_id, fabrica_texto, fecha_actualizacion, fecha_creacion, fecha_implementacion, historial, id, id_pmo, nombre_proyecto, nombre_proyecto_recibo, observaciones, orden_compra, program_manager, proveedor, retrasos_salida, seguimientos, tipo
Error en métricas dashboard completas: Cannot resolve keyword 'precio_lista_usd' into field. Choices are: articulo, avp, año, cantidad_embarcada, costo_mxn_existencias, costo_salida_mxn, costo_unitario_distribucion, costo_usd_existencias, descripcion, estatus_pmo, estatus_pmo_id, estatus_pmo_texto, existencia_actual, fabrica, fabrica_id, fabrica_texto, fecha_actualizacion, fecha_creacion, fecha_implementacion, historial, id, id_pmo, nombre_proyecto, nombre_proyecto_recibo, observaciones, orden_compra, program_manager, proveedor, retrasos_salida, seguimientos, tipo
Error en métricas dashboard completas: Cannot resolve keyword 'precio_lista_usd' into field. Choices are: articulo, avp, año, cantidad_embarcada, costo_mxn_existencias, costo_salida_mxn, costo_unitario_distribucion, costo_usd_existencias, descripcion, estatus_pmo, estatus_pmo_id, estatus_pmo_texto, existencia_actual, fabrica, fabrica_id, fabrica_texto, fecha_actualizacion, fecha_creacion, fecha_implementacion, historial, id, id_pmo, nombre_proyecto, nombre_proyecto_recibo, observaciones, orden_compra, program_manager, proveedor, retrasos_salida, seguimientos, tipo
Error en métricas dashboard completas: Cannot resolve keyword 'precio_lista_usd' into field. Choices are: articulo, avp, año, cantidad_embarcada, costo_mxn_existencias, costo_salida_mxn, costo_unitario_distribucion, costo_usd_existencias, descripcion, estatus_pmo, estatus_pmo_id, estatus_pmo_texto, existencia_actual, fabrica, fabrica_id, fabrica_texto, fecha_actualizacion, fecha_creacion, fecha_implementacion, historial, id, id_pmo, nombre_proyecto, nombre_proyecto_recibo, observaciones, orden_compra, program_manager, proveedor, retrasos_salida, seguimientos, tipo
Error en métricas dashboard completas: Cannot resolve keyword 'precio_lista_usd' into field. Choices are: articulo, avp, año, cantidad_embarcada, costo_mxn_existencias, costo_salida_mxn, costo_unitario_distribucion, costo_usd_existencias, descripcion, estatus_pmo, estatus_pmo_id, estatus_pmo_texto, existencia_actual, fabrica, fabrica_id, fabrica_texto, fecha_actualizacion, fecha_creacion, fecha_implementacion, historial, id, id_pmo, nombre_proyecto, nombre_proyecto_recibo, observaciones, orden_compra, program_manager, proveedor, retrasos_salida, seguimientos, tipo
Error en métricas dashboard completas: Cannot resolve keyword 'precio_lista_usd' into field. Choices are: articulo, avp, año, cantidad_embarcada, costo_mxn_existencias, costo_salida_mxn, costo_unitario_distribucion, costo_usd_existencias, descripcion, estatus_pmo, estatus_pmo_id, estatus_pmo_texto, existencia_actual, fabrica, fabrica_id, fabrica_texto, fecha_actualizacion, fecha_creacion, fecha_implementacion, historial, id, id_pmo, nombre_proyecto, nombre_proyecto_recibo, observaciones, orden_compra, program_manager, proveedor, retrasos_salida, seguimientos, tipo
Error en métricas dashboard completas: Cannot resolve keyword 'precio_lista_usd' into field. Choices are: articulo, avp, año, cantidad_embarcada, costo_mxn_existencias, costo_salida_mxn, costo_unitario_distribucion, costo_usd_existencias, descripcion, estatus_pmo, estatus_pmo_id, estatus_pmo_texto, existencia_actual, fabrica, fabrica_id, fabrica_texto, fecha_actualizacion, fecha_creacion, fecha_implementacion, historial, id, id_pmo, nombre_proyecto, nombre_proyecto_recibo, observaciones, orden_compra, program_manager, proveedor, retrasos_salida, seguimientos, tipo
Error en métricas dashboard completas: Cannot resolve keyword 'precio_lista_usd' into field. Choices are: articulo, avp, año, cantidad_embarcada, costo_mxn_existencias, costo_salida_mxn, costo_unitario_distribucion, costo_usd_existencias, descripcion, estatus_pmo, estatus_pmo_id, estatus_pmo_texto, existencia_actual, fabrica, fabrica_id, fabrica_texto, fecha_actualizacion, fecha_creacion, fecha_implementacion, historial, id, id_pmo, nombre_proyecto, nombre_proyecto_recibo, observaciones, orden_compra, program_manager, proveedor, retrasos_salida, seguimientos, tipo
Error en métricas dashboard completas: Cannot resolve keyword 'precio_lista_usd' into field. Choices are: articulo, avp, año, cantidad_embarcada, costo_mxn_existencias, costo_salida_mxn, costo_unitario_distribucion, costo_usd_existencias, descripcion, estatus_pmo, estatus_pmo_id, estatus_pmo_texto, existencia_actual, fabrica, fabrica_id, fabrica_texto, fecha_actualizacion, fecha_creacion, fecha_implementacion, historial, id, id_pmo, nombre_proyecto, nombre_proyecto_recibo, observaciones, orden_compra, program_manager, proveedor, retrasos_salida, seguimientos, tipo
Error en métricas dashboard completas: Cannot resolve keyword 'precio_lista_usd' into field. Choices are: articulo, avp, año, cantidad_embarcada, costo_mxn_existencias, costo_salida_mxn, costo_unitario_distribucion, costo_usd_existencias, descripcion, estatus_pmo, estatus_pmo_id, estatus_pmo_texto, existencia_actual, fabrica, fabrica_id, fabrica_texto, fecha_actualizacion, fecha_creacion, fecha_implementacion, historial, id, id_pmo, nombre_proyecto, nombre_proyecto_recibo, observaciones, orden_compra, program_manager, proveedor, retrasos_salida, seguimientos, tipo
Error en métricas dashboard completas: Cannot resolve keyword 'precio_lista_usd' into field. Choices are: articulo, avp, año, cantidad_embarcada, costo_mxn_existencias, costo_salida_mxn, costo_unitario_distribucion, costo_usd_existencias, descripcion, estatus_pmo, estatus_pmo_id, estatus_pmo_texto, existencia_actual, fabrica, fabrica_id, fabrica_texto, fecha_actualizacion, fecha_creacion, fecha_implementacion, historial, id, id_pmo, nombre_proyecto, nombre_proyecto_recibo, observaciones, orden_compra, program_manager, proveedor, retrasos_salida, seguimientos, tipo
Error en métricas dashboard completas: Cannot resolve keyword 'precio_lista_usd' into field. Choices are: articulo, avp, año, cantidad_embarcada, costo_mxn_existencias, costo_salida_mxn, costo_unitario_distribucion, costo_usd_existencias, descripcion, estatus_pmo, estatus_pmo_id, estatus_pmo_texto, existencia_actual, fabrica, fabrica_id, fabrica_texto, fecha_actualizacion, fecha_creacion, fecha_implementacion, historial, id, id_pmo, nombre_proyecto, nombre_proyecto_recibo, observaciones, orden_compra, program_manager, proveedor, retrasos_salida, seguimientos, tipo
Error en métricas dashboard completas: Cannot resolve keyword 'precio_lista_usd' into field. Choices are: articulo, avp, año, cantidad_embarcada, costo_mxn_existencias, costo_salida_mxn, costo_unitario_distribucion, costo_usd_existencias, descripcion, estatus_pmo, estatus_pmo_id, estatus_pmo_texto, existencia_actual, fabrica, fabrica_id, fabrica_texto, fecha_actualizacion, fecha_creacion, fecha_implementacion, historial, id, id_pmo, nombre_proyecto, nombre_proyecto_recibo, observaciones, orden_compra, program_manager, proveedor, retrasos_salida, seguimientos, tipo
Error en métricas dashboard completas: Cannot resolve keyword 'precio_lista_usd' into field. Choices are: articulo, avp, año, cantidad_embarcada, costo_mxn_existencias, costo_salida_mxn, costo_unitario_distribucion, costo_usd_existencias, descripcion, estatus_pmo, estatus_pmo_id, estatus_pmo_texto, existencia_actual, fabrica, fabrica_id, fabrica_texto, fecha_actualizacion, fecha_creacion, fecha_implementacion, historial, id, id_pmo, nombre_proyecto, nombre_proyecto_recibo, observaciones, orden_compra, program_manager, proveedor, retrasos_salida, seguimientos, tipo
Error en métricas dashboard completas: Cannot resolve keyword 'precio_lista_usd' into field. Choices are: articulo, avp, año, cantidad_embarcada, costo_mxn_existencias, costo_salida_mxn, costo_unitario_distribucion, costo_usd_existencias, descripcion, estatus_pmo, estatus_pmo_id, estatus_pmo_texto, existencia_actual, fabrica, fabrica_id, fabrica_texto, fecha_actualizacion, fecha_creacion, fecha_implementacion, historial, id, id_pmo, nombre_proyecto, nombre_proyecto_recibo, observaciones, orden_compra, program_manager, proveedor, retrasos_salida, seguimientos, tipo
Error en métricas dashboard completas: Cannot resolve keyword 'precio_lista_usd' into field. Choices are: articulo, avp, año, cantidad_embarcada, costo_mxn_existencias, costo_salida_mxn, costo_unitario_distribucion, costo_usd_existencias, descripcion, estatus_pmo, estatus_pmo_id, estatus_pmo_texto, existencia_actual, fabrica, fabrica_id, fabrica_texto, fecha_actualizacion, fecha_creacion, fecha_implementacion, historial, id, id_pmo, nombre_proyecto, nombre_proyecto_recibo, observaciones, orden_compra, program_manager, proveedor, retrasos_salida, seguimientos, tipo
Error en métricas dashboard completas: Cannot resolve keyword 'precio_lista_usd' into field. Choices are: articulo, avp, año, cantidad_embarcada, costo_mxn_existencias, costo_salida_mxn, costo_unitario_distribucion, costo_usd_existencias, descripcion, estatus_pmo, estatus_pmo_id, estatus_pmo_texto, existencia_actual, fabrica, fabrica_id, fabrica_texto, fecha_actualizacion, fecha_creacion, fecha_implementacion, historial, id, id_pmo, nombre_proyecto, nombre_proyecto_recibo, observaciones, orden_compra, program_manager, proveedor, retrasos_salida, seguimientos, tipo
Error en métricas dashboard completas: Cannot resolve keyword 'precio_lista_usd' into field. Choices are: articulo, avp, año, cantidad_embarcada, costo_mxn_existencias, costo_salida_mxn, costo_unitario_distribucion, costo_usd_existencias, descripcion, estatus_pmo, estatus_pmo_id, estatus_pmo_texto, existencia_actual, fabrica, fabrica_id, fabrica_texto, fecha_actualizacion, fecha_creacion, fecha_implementacion, historial, id, id_pmo, nombre_proyecto, nombre_proyecto_recibo, observaciones, orden_compra, program_manager, proveedor, retrasos_salida, seguimientos, tipo
Error en métricas dashboard completas: Cannot resolve keyword 'precio_lista_usd' into field. Choices are: articulo, avp, año, cantidad_embarcada, costo_mxn_existencias, costo_salida_mxn, costo_unitario_distribucion, costo_usd_existencias, descripcion, estatus_pmo, estatus_pmo_id, estatus_pmo_texto, existencia_actual, fabrica, fabrica_id, fabrica_texto, fecha_actualizacion, fecha_creacion, fecha_implementacion, historial, id, id_pmo, nombre_proyecto, nombre_proyecto_recibo, observaciones, orden_compra, program_manager, proveedor, retrasos_salida, seguimientos, tipo
Error en métricas dashboard completas: Cannot resolve keyword 'precio_lista_usd' into field. Choices are: articulo, avp, año, cantidad_embarcada, costo_mxn_existencias, costo_salida_mxn, costo_unitario_distribucion, costo_usd_existencias, descripcion, estatus_pmo, estatus_pmo_id, estatus_pmo_texto, existencia_actual, fabrica, fabrica_id, fabrica_texto, fecha_actualizacion, fecha_creacion, fecha_implementacion, historial, id, id_pmo, nombre_proyecto, nombre_proyecto_recibo, observaciones, orden_compra, program_manager, proveedor, retrasos_salida, seguimientos, tipo
Error en métricas dashboard completas: Cannot resolve keyword 'precio_lista_usd' into field. Choices are: articulo, avp, año, cantidad_embarcada, costo_mxn_existencias, costo_salida_mxn, costo_unitario_distribucion, costo_usd_existencias, descripcion, estatus_pmo, estatus_pmo_id, estatus_pmo_texto, existencia_actual, fabrica, fabrica_id, fabrica_texto, fecha_actualizacion, fecha_creacion, fecha_implementacion, historial, id, id_pmo, nombre_proyecto, nombre_proyecto_recibo, observaciones, orden_compra, program_manager, proveedor, retrasos_salida, seguimientos, tipo
Error en métricas dashboard completas: Cannot resolve keyword 'precio_lista_usd' into field. Choices are: articulo, avp, año, cantidad_embarcada, costo_mxn_existencias, costo_salida_mxn, costo_unitario_distribucion, costo_usd_existencias, descripcion, estatus_pmo, estatus_pmo_id, estatus_pmo_texto, existencia_actual, fabrica, fabrica_id, fabrica_texto, fecha_actualizacion, fecha_creacion, fecha_implementacion, historial, id, id_pmo, nombre_proyecto, nombre_proyecto_recibo, observaciones, orden_compra, program_manager, proveedor, retrasos_salida, seguimientos, tipo
Error en métricas dashboard completas: Cannot resolve keyword 'precio_lista_usd' into field. Choices are: articulo, avp, año, cantidad_embarcada, costo_mxn_existencias, costo_salida_mxn, costo_unitario_distribucion, costo_usd_existencias, descripcion, estatus_pmo, estatus_pmo_id, estatus_pmo_texto, existencia_actual, fabrica, fabrica_id, fabrica_texto, fecha_actualizacion, fecha_creacion, fecha_implementacion, historial, id, id_pmo, nombre_proyecto, nombre_proyecto_recibo, observaciones, orden_compra, program_manager, proveedor, retrasos_salida, seguimientos, tipo
Error en métricas dashboard completas: Cannot resolve keyword 'precio_lista_usd' into field. Choices are: articulo, avp, año, cantidad_embarcada, costo_mxn_existencias, costo_salida_mxn, costo_unitario_distribucion, costo_usd_existencias, descripcion, estatus_pmo, estatus_pmo_id, estatus_pmo_texto, existencia_actual, fabrica, fabrica_id, fabrica_texto, fecha_actualizacion, fecha_creacion, fecha_implementacion, historial, id, id_pmo, nombre_proyecto, nombre_proyecto_recibo, observaciones, orden_compra, program_manager, proveedor, retrasos_salida, seguimientos, tipo
Error en métricas dashboard completas: Cannot resolve keyword 'precio_lista_usd' into field. Choices are: articulo, avp, año, cantidad_embarcada, costo_mxn_existencias, costo_salida_mxn, costo_unitario_distribucion, costo_usd_existencias, descripcion, estatus_pmo, estatus_pmo_id, estatus_pmo_texto, existencia_actual, fabrica, fabrica_id, fabrica_texto, fecha_actualizacion, fecha_creacion, fecha_implementacion, historial, id, id_pmo, nombre_proyecto, nombre_proyecto_recibo, observaciones, orden_compra, program_manager, proveedor, retrasos_salida, seguimientos, tipo
Error en métricas dashboard completas: Cannot resolve keyword 'precio_lista_usd' into field. Choices are: articulo, avp, año, cantidad_embarcada, costo_mxn_existencias, costo_salida_mxn, costo_unitario_distribucion, costo_usd_existencias, descripcion, estatus_pmo, estatus_pmo_id, estatus_pmo_texto, existencia_actual, fabrica, fabrica_id, fabrica_texto, fecha_actualizacion, fecha_creacion, fecha_implementacion, historial, id, id_pmo, nombre_proyecto, nombre_proyecto_recibo, observaciones, orden_compra, program_manager, proveedor, retrasos_salida, seguimientos, tipo
Error en métricas dashboard completas: Cannot resolve keyword 'precio_lista_usd' into field. Choices are: articulo, avp, año, cantidad_embarcada, costo_mxn_existencias, costo_salida_mxn, costo_unitario_distribucion, costo_usd_existencias, descripcion, estatus_pmo, estatus_pmo_id, estatus_pmo_texto, existencia_actual, fabrica, fabrica_id, fabrica_texto, fecha_actualizacion, fecha_creacion, fecha_implementacion, historial, id, id_pmo, nombre_proyecto, nombre_proyecto_recibo, observaciones, orden_compra, program_manager, proveedor, retrasos_salida, seguimientos, tipo
Error en métricas dashboard completas: Cannot resolve keyword 'precio_lista_usd' into field. Choices are: articulo, avp, año, cantidad_embarcada, costo_mxn_existencias, costo_salida_mxn, costo_unitario_distribucion, costo_usd_existencias, descripcion, estatus_pmo, estatus_pmo_id, estatus_pmo_texto, existencia_actual, fabrica, fabrica_id, fabrica_texto, fecha_actualizacion, fecha_creacion, fecha_implementacion, historial, id, id_pmo, nombre_proyecto, nombre_proyecto_recibo, observaciones, orden_compra, program_manager, proveedor, retrasos_salida, seguimientos, tipo
Error en métricas dashboard completas: Cannot resolve keyword 'precio_lista_usd' into field. Choices are: articulo, avp, año, cantidad_embarcada, costo_mxn_existencias, costo_salida_mxn, costo_unitario_distribucion, costo_usd_existencias, descripcion, estatus_pmo, estatus_pmo_id, estatus_pmo_texto, existencia_actual, fabrica, fabrica_id, fabrica_texto, fecha_actualizacion, fecha_creacion, fecha_implementacion, historial, id, id_pmo, nombre_proyecto, nombre_proyecto_recibo, observaciones, orden_compra, program_manager, proveedor, retrasos_salida, seguimientos, tipo
Error en métricas dashboard completas: Cannot resolve keyword 'precio_lista_usd' into field. Choices are: articulo, avp, año, cantidad_embarcada, costo_mxn_existencias, costo_salida_mxn, costo_unitario_distribucion, costo_usd_existencias, descripcion, estatus_pmo, estatus_pmo_id, estatus_pmo_texto, existencia_actual, fabrica, fabrica_id, fabrica_texto, fecha_actualizacion, fecha_creacion, fecha_implementacion, historial, id, id_pmo, nombre_proyecto, nombre_proyecto_recibo, observaciones, orden_compra, program_manager, proveedor, retrasos_salida, seguimientos, tipo
Error en métricas dashboard completas: Cannot resolve keyword 'precio_lista_usd' into field. Choices are: articulo, avp, año, cantidad_embarcada, costo_mxn_existencias, costo_salida_mxn, costo_unitario_distribucion, costo_usd_existencias, descripcion, estatus_pmo, estatus_pmo_id, estatus_pmo_texto, existencia_actual, fabrica, fabrica_id, fabrica_texto, fecha_actualizacion, fecha_creacion, fecha_implementacion, historial, id, id_pmo, nombre_proyecto, nombre_proyecto_recibo, observaciones, orden_compra, program_manager, proveedor, retrasos_salida, seguimientos, tipo
Error en métricas dashboard completas: Cannot resolve keyword 'precio_lista_usd' into field. Choices are: articulo, avp, año, cantidad_embarcada, costo_mxn_existencias, costo_salida_mxn, costo_unitario_distribucion, costo_usd_existencias, descripcion, estatus_pmo, estatus_pmo_id, estatus_pmo_texto, existencia_actual, fabrica, fabrica_id, fabrica_texto, fecha_actualizacion, fecha_creacion, fecha_implementacion, historial, id, id_pmo, nombre_proyecto, nombre_proyecto_recibo, observaciones, orden_compra, program_manager, proveedor, retrasos_salida, seguimientos, tipo
Error en métricas dashboard completas: Cannot resolve keyword 'precio_lista_usd' into field. Choices are: articulo, avp, año, cantidad_embarcada, costo_mxn_existencias, costo_salida_mxn, costo_unitario_distribucion, costo_usd_existencias, descripcion, estatus_pmo, estatus_pmo_id, estatus_pmo_texto, existencia_actual, fabrica, fabrica_id, fabrica_texto, fecha_actualizacion, fecha_creacion, fecha_implementacion, historial, id, id_pmo, nombre_proyecto, nombre_proyecto_recibo, observaciones, orden_compra, program_manager, proveedor, retrasos_salida, seguimientos, tipo
Error en métricas dashboard completas: Cannot resolve keyword 'precio_lista_usd' into field. Choices are: articulo, avp, año, cantidad_embarcada, costo_mxn_existencias, costo_salida_mxn, costo_unitario_distribucion, costo_usd_existencias, descripcion, estatus_pmo, estatus_pmo_id, estatus_pmo_texto, existencia_actual, fabrica, fabrica_id, fabrica_texto, fecha_actualizacion, fecha_creacion, fecha_implementacion, historial, id, id_pmo, nombre_proyecto, nombre_proyecto_recibo, observaciones, orden_compra, program_manager, proveedor, retrasos_salida, seguimientos, tipo
Error en métricas dashboard completas: Cannot resolve keyword 'precio_lista_usd' into field. Choices are: articulo, avp, año, cantidad_embarcada, costo_mxn_existencias, costo_salida_mxn, costo_unitario_distribucion, costo_usd_existencias, descripcion, estatus_pmo, estatus_pmo_id, estatus_pmo_texto, existencia_actual, fabrica, fabrica_id, fabrica_texto, fecha_actualizacion, fecha_creacion, fecha_implementacion, historial, id, id_pmo, nombre_proyecto, nombre_proyecto_recibo, observaciones, orden_compra, program_manager, proveedor, retrasos_salida, seguimientos, tipo
Error en métricas dashboard completas: Cannot resolve keyword 'precio_lista_usd' into field. Choices are: articulo, avp, año, cantidad_embarcada, costo_mxn_existencias, costo_salida_mxn, costo_unitario_distribucion, costo_usd_existencias, descripcion, estatus_pmo, estatus_pmo_id, estatus_pmo_texto, existencia_actual, fabrica, fabrica_id, fabrica_texto, fecha_actualizacion, fecha_creacion, fecha_implementacion, historial, id, id_pmo, nombre_proyecto, nombre_proyecto_recibo, observaciones, orden_compra, program_manager, proveedor, retrasos_salida, seguimientos, tipo
Error en métricas dashboard completas: Cannot resolve keyword 'precio_lista_usd' into field. Choices are: articulo, avp, año, cantidad_embarcada, costo_mxn_existencias, costo_salida_mxn, costo_unitario_distribucion, costo_usd_existencias, descripcion, estatus_pmo, estatus_pmo_id, estatus_pmo_texto, existencia_actual, fabrica, fabrica_id, fabrica_texto, fecha_actualizacion, fecha_creacion, fecha_implementacion, historial, id, id_pmo, nombre_proyecto, nombre_proyecto_recibo, observaciones, orden_compra, program_manager, proveedor, retrasos_salida, seguimientos, tipo
Error en métricas dashboard completas: Cannot resolve keyword 'precio_lista_usd' into field. Choices are: articulo, avp, año, cantidad_embarcada, costo_mxn_existencias, costo_salida_mxn, costo_unitario_distribucion, costo_usd_existencias, descripcion, estatus_pmo, estatus_pmo_id, estatus_pmo_texto, existencia_actual, fabrica, fabrica_id, fabrica_texto, fecha_actualizacion, fecha_creacion, fecha_implementacion, historial, id, id_pmo, nombre_proyecto, nombre_proyecto_recibo, observaciones, orden_compra, program_manager, proveedor, retrasos_salida, seguimientos, tipo
Error en métricas dashboard completas: Cannot resolve keyword 'precio_lista_usd' into field. Choices are: articulo, avp, año, cantidad_embarcada, costo_mxn_existencias, costo_salida_mxn, costo_unitario_distribucion, costo_usd_existencias, descripcion, estatus_pmo, estatus_pmo_id, estatus_pmo_texto, existencia_actual, fabrica, fabrica_id, fabrica_texto, fecha_actualizacion, fecha_creacion, fecha_implementacion, historial, id, id_pmo, nombre_proyecto, nombre_proyecto_recibo, observaciones, orden_compra, program_manager, proveedor, retrasos_salida, seguimientos, tipo
Error en métricas dashboard completas: Cannot resolve keyword 'precio_lista_usd' into field. Choices are: articulo, avp, año, cantidad_embarcada, costo_mxn_existencias, costo_salida_mxn, costo_unitario_distribucion, costo_usd_existencias, descripcion, estatus_pmo, estatus_pmo_id, estatus_pmo_texto, existencia_actual, fabrica, fabrica_id, fabrica_texto, fecha_actualizacion, fecha_creacion, fecha_implementacion, historial, id, id_pmo, nombre_proyecto, nombre_proyecto_recibo, observaciones, orden_compra, program_manager, proveedor, retrasos_salida, seguimientos, tipo
Error en métricas dashboard completas: Cannot resolve keyword 'precio_lista_usd' into field. Choices are: articulo, avp, año, cantidad_embarcada, costo_mxn_existencias, costo_salida_mxn, costo_unitario_distribucion, costo_usd_existencias, descripcion, estatus_pmo, estatus_pmo_id, estatus_pmo_texto, existencia_actual, fabrica, fabrica_id, fabrica_texto, fecha_actualizacion, fecha_creacion, fecha_implementacion, historial, id, id_pmo, nombre_proyecto, nombre_proyecto_recibo, observaciones, orden_compra, program_manager, proveedor, retrasos_salida, seguimientos, tipo
Error en métricas dashboard completas: Cannot resolve keyword 'precio_lista_usd' into field. Choices are: articulo, avp, año, cantidad_embarcada, costo_mxn_existencias, costo_salida_mxn, costo_unitario_distribucion, costo_usd_existencias, descripcion, estatus_pmo, estatus_pmo_id, estatus_pmo_texto, existencia_actual, fabrica, fabrica_id, fabrica_texto, fecha_actualizacion, fecha_creacion, fecha_implementacion, historial, id, id_pmo, nombre_proyecto, nombre_proyecto_recibo, observaciones, orden_compra, program_manager, proveedor, retrasos_salida, seguimientos, tipo
Error en métricas dashboard completas: Cannot resolve keyword 'precio_lista_usd' into field. Choices are: articulo, avp, año, cantidad_embarcada, costo_mxn_existencias, costo_salida_mxn, costo_unitario_distribucion, costo_usd_existencias, descripcion, estatus_pmo, estatus_pmo_id, estatus_pmo_texto, existencia_actual, fabrica, fabrica_id, fabrica_texto, fecha_actualizacion, fecha_creacion, fecha_implementacion, historial, id, id_pmo, nombre_proyecto, nombre_proyecto_recibo, observaciones, orden_compra, program_manager, proveedor, retrasos_salida, seguimientos, tipo
Error en métricas dashboard completas: Cannot resolve keyword 'precio_lista_usd' into field. Choices are: articulo, avp, año, cantidad_embarcada, costo_mxn_existencias, costo_salida_mxn, costo_unitario_distribucion, costo_usd_existencias, descripcion, estatus_pmo, estatus_pmo_id, estatus_pmo_texto, existencia_actual, fabrica, fabrica_id, fabrica_texto, fecha_actualizacion, fecha_creacion, fecha_implementacion, historial, id, id_pmo, nombre_proyecto, nombre_proyecto_recibo, observaciones, orden_compra, program_manager, proveedor, retrasos_salida, seguimientos, tipo
Error en métricas dashboard completas: Cannot resolve keyword 'precio_lista_usd' into field. Choices are: articulo, avp, año, cantidad_embarcada, costo_mxn_existencias, costo_salida_mxn, costo_unitario_distribucion, costo_usd_existencias, descripcion, estatus_pmo, estatus_pmo_id, estatus_pmo_texto, existencia_actual, fabrica, fabrica_id, fabrica_texto, fecha_actualizacion, fecha_creacion, fecha_implementacion, historial, id, id_pmo, nombre_proyecto, nombre_proyecto_recibo, observaciones, orden_compra, program_manager, proveedor, retrasos_salida, seguimientos, tipo
Error en métricas dashboard completas: Cannot resolve keyword 'precio_lista_usd' into field. Choices are: articulo, avp, año, cantidad_embarcada, costo_mxn_existencias, costo_salida_mxn, costo_unitario_distribucion, costo_usd_existencias, descripcion, estatus_pmo, estatus_pmo_id, estatus_pmo_texto, existencia_actual, fabrica, fabrica_id, fabrica_texto, fecha_actualizacion, fecha_creacion, fecha_implementacion, historial, id, id_pmo, nombre_proyecto, nombre_proyecto_recibo, observaciones, orden_compra, program_manager, proveedor, retrasos_salida, seguimientos, tipo
Error en métricas dashboard completas: Cannot resolve keyword 'precio_lista_usd' into field. Choices are: articulo, avp, año, cantidad_embarcada, costo_mxn_existencias, costo_salida_mxn, costo_unitario_distribucion, costo_usd_existencias, descripcion, estatus_pmo, estatus_pmo_id, estatus_pmo_texto, existencia_actual, fabrica, fabrica_id, fabrica_texto, fecha_actualizacion, fecha_creacion, fecha_implementacion, historial, id, id_pmo, nombre_proyecto, nombre_proyecto_recibo, observaciones, orden_compra, program_manager, proveedor, retrasos_salida, seguimientos, tipo
Error en métricas dashboard completas: Cannot resolve keyword 'precio_lista_usd' into field. Choices are: articulo, avp, año, cantidad_embarcada, costo_mxn_existencias, costo_salida_mxn, costo_unitario_distribucion, costo_usd_existencias, descripcion, estatus_pmo, estatus_pmo_id, estatus_pmo_texto, existencia_actual, fabrica, fabrica_id, fabrica_texto, fecha_actualizacion, fecha_creacion, fecha_implementacion, historial, id, id_pmo, nombre_proyecto, nombre_proyecto_recibo, observaciones, orden_compra, program_manager, proveedor, retrasos_salida, seguimientos, tipo
Error en métricas dashboard completas: Cannot resolve keyword 'precio_lista_usd' into field. Choices are: articulo, avp, año, cantidad_embarcada, costo_mxn_existencias, costo_salida_mxn, costo_unitario_distribucion, costo_usd_existencias, descripcion, estatus_pmo, estatus_pmo_id, estatus_pmo_texto, existencia_actual, fabrica, fabrica_id, fabrica_texto, fecha_actualizacion, fecha_creacion, fecha_implementacion, historial, id, id_pmo, nombre_proyecto, nombre_proyecto_recibo, observaciones, orden_compra, program_manager, proveedor, retrasos_salida, seguimientos, tipo
Error en métricas dashboard completas: Cannot resolve keyword 'precio_lista_usd' into field. Choices are: articulo, avp, año, cantidad_embarcada, costo_mxn_existencias, costo_salida_mxn, costo_unitario_distribucion, costo_usd_existencias, descripcion, estatus_pmo, estatus_pmo_id, estatus_pmo_texto, existencia_actual, fabrica, fabrica_id, fabrica_texto, fecha_actualizacion, fecha_creacion, fecha_implementacion, historial, id, id_pmo, nombre_proyecto, nombre_proyecto_recibo, observaciones, orden_compra, program_manager, proveedor, retrasos_salida, seguimientos, tipo
